<?xml version="1.0" encoding="UTF-8"?>
<robot generator="Robot 5.0.1 (Python 3.10.7 on win32)" generated="20230703 10:19:33.121" rpa="false" schemaversion="3">
<suite id="s1" name="Carttest" source="c:\Users\Amanda\OneDrive\PHSS\TestsSuceDemo\webtesting\tests\carttest.robot">
<test id="s1-t1" name="Cenario 1 - Clicar Continuar comprando" line="15">
<kw name="Start Test" library="hooks.pages.commons" type="SETUP">
<kw name="Open Browser" library="SeleniumLibrary">
<arg>${BASE_URL}</arg>
<arg>${BROWSER}</arg>
<doc>Opens a new browser instance to the optional ``url``.</doc>
<msg timestamp="20230703 10:19:33.856" level="INFO">Opening browser 'chrome' to base url 'https://www.saucedemo.com/'.</msg>
<status status="PASS" starttime="20230703 10:19:33.855" endtime="20230703 10:19:38.016"/>
</kw>
<kw name="Maximize Browser Window" library="SeleniumLibrary">
<doc>Maximizes current browser window.</doc>
<status status="PASS" starttime="20230703 10:19:38.017" endtime="20230703 10:19:38.155"/>
</kw>
<kw name="Set Selenium Implicit Wait" library="SeleniumLibrary">
<arg>${TIME_TO_WAIT}</arg>
<doc>Sets the implicit wait value used by Selenium.</doc>
<status status="PASS" starttime="20230703 10:19:38.156" endtime="20230703 10:19:38.159"/>
</kw>
<status status="PASS" starttime="20230703 10:19:33.852" endtime="20230703 10:19:38.160"/>
</kw>
<kw name=" Dado que tenho um produto adicionado no carrinho" library="HomeStep">
<kw name="Dado que estou logado na home" library="HomeStep">
<kw name="Login sucess" library="LoginPage">
<kw name="Input Text" library="SeleniumLibrary">
<arg>locator=user-name</arg>
<arg>text=standard_user</arg>
<doc>Types the given ``text`` into the text field identified by ``locator``.</doc>
<msg timestamp="20230703 10:19:38.169" level="INFO">Typing text 'standard_user' into text field 'user-name'.</msg>
<status status="PASS" starttime="20230703 10:19:38.168" endtime="20230703 10:19:38.416"/>
</kw>
<kw name="Input Password" library="SeleniumLibrary">
<arg>locator=password</arg>
<arg>password=secret_sauce</arg>
<doc>Types the given password into the text field identified by ``locator``.</doc>
<msg timestamp="20230703 10:19:38.416" level="INFO">Typing password into text field 'password'.</msg>
<msg timestamp="20230703 10:19:38.448" level="INFO">Temporally setting log level to: NONE</msg>
<msg timestamp="20230703 10:19:38.527" level="INFO">Log level changed from NONE to INFO.</msg>
<status status="PASS" starttime="20230703 10:19:38.416" endtime="20230703 10:19:38.527"/>
</kw>
<kw name="Click Button" library="SeleniumLibrary">
<arg>locator=login-button</arg>
<doc>Clicks the button identified by ``locator``.</doc>
<msg timestamp="20230703 10:19:38.528" level="INFO">Clicking button 'login-button'.</msg>
<status status="PASS" starttime="20230703 10:19:38.528" endtime="20230703 10:19:38.672"/>
</kw>
<status status="PASS" starttime="20230703 10:19:38.167" endtime="20230703 10:19:38.673"/>
</kw>
<kw name="Valida HomePage" library="HomePage">
<kw name="Wait Until Element Is Visible" library="SeleniumLibrary">
<arg>locator=//*[@id="header_container"]/div[1]/div[2]/div</arg>
<doc>Waits until the element ``locator`` is visible.</doc>
<status status="PASS" starttime="20230703 10:19:38.674" endtime="20230703 10:19:39.017"/>
</kw>
<status status="PASS" starttime="20230703 10:19:38.673" endtime="20230703 10:19:39.018"/>
</kw>
<status status="PASS" starttime="20230703 10:19:38.165" endtime="20230703 10:19:39.018"/>
</kw>
<kw name="Quando add to cart do produto backpack" library="HomeStep">
<kw name="Button Add to Cart Backpack" library="HomePage">
<kw name="Click Element" library="SeleniumLibrary">
<arg>locator=//button[@data-test='add-to-cart-sauce-labs-backpack']</arg>
<doc>Click the element identified by ``locator``.</doc>
<msg timestamp="20230703 10:19:39.020" level="INFO">Clicking element '//button[@data-test='add-to-cart-sauce-labs-backpack']'.</msg>
<status status="PASS" starttime="20230703 10:19:39.019" endtime="20230703 10:19:39.081"/>
</kw>
<status status="PASS" starttime="20230703 10:19:39.019" endtime="20230703 10:19:39.081"/>
</kw>
<status status="PASS" starttime="20230703 10:19:39.018" endtime="20230703 10:19:39.081"/>
</kw>
<status status="PASS" starttime="20230703 10:19:38.162" endtime="20230703 10:19:39.081"/>
</kw>
<kw name="Quando clicar no carrinho" library="HomeStep">
<kw name="Clicar carrinho" library="HomePage">
<kw name="Click Element" library="SeleniumLibrary">
<arg>locator=shopping_cart_container</arg>
<doc>Click the element identified by ``locator``.</doc>
<msg timestamp="20230703 10:19:39.084" level="INFO">Clicking element 'shopping_cart_container'.</msg>
<status status="PASS" starttime="20230703 10:19:39.084" endtime="20230703 10:19:39.148"/>
</kw>
<status status="PASS" starttime="20230703 10:19:39.083" endtime="20230703 10:19:39.149"/>
</kw>
<status status="PASS" starttime="20230703 10:19:39.082" endtime="20230703 10:19:39.149"/>
</kw>
<kw name="E clicar em continue-shopping" library="CartStep">
<kw name="Click Button Continue" library="CartPage">
<kw name="Click Button" library="SeleniumLibrary">
<arg>locator=//button[contains(@name,'continue-shopping')]</arg>
<doc>Clicks the button identified by ``locator``.</doc>
<msg timestamp="20230703 10:19:39.153" level="INFO">Clicking button '//button[contains(@name,'continue-shopping')]'.</msg>
<status status="PASS" starttime="20230703 10:19:39.152" endtime="20230703 10:19:39.253"/>
</kw>
<status status="PASS" starttime="20230703 10:19:39.151" endtime="20230703 10:19:39.253"/>
</kw>
<status status="PASS" starttime="20230703 10:19:39.150" endtime="20230703 10:19:39.254"/>
</kw>
<kw name="Então vejo a HomePage" library="login">
<kw name="Valida HomePage" library="HomePage">
<kw name="Wait Until Element Is Visible" library="SeleniumLibrary">
<arg>locator=//*[@id="header_container"]/div[1]/div[2]/div</arg>
<doc>Waits until the element ``locator`` is visible.</doc>
<status status="PASS" starttime="20230703 10:19:39.258" endtime="20230703 10:19:39.290"/>
</kw>
<status status="PASS" starttime="20230703 10:19:39.257" endtime="20230703 10:19:39.291"/>
</kw>
<status status="PASS" starttime="20230703 10:19:39.256" endtime="20230703 10:19:39.291"/>
</kw>
<kw name="Finish Test" library="hooks.pages.commons" type="TEARDOWN">
<kw name="Capture Page Screenshot" library="SeleniumLibrary">
<doc>Takes a screenshot of the current page and embeds it into a log file.</doc>
<msg timestamp="20230703 10:19:39.456" level="INFO" html="true">&lt;/td&gt;&lt;/tr&gt;&lt;tr&gt;&lt;td colspan="3"&gt;&lt;a href="selenium-screenshot-1.png"&gt;&lt;img src="selenium-screenshot-1.png" width="800px"&gt;&lt;/a&gt;</msg>
<status status="PASS" starttime="20230703 10:19:39.293" endtime="20230703 10:19:39.456"/>
</kw>
<kw name="Close Browser" library="SeleniumLibrary">
<doc>Closes the current browser.</doc>
<status status="PASS" starttime="20230703 10:19:39.457" endtime="20230703 10:19:41.849"/>
</kw>
<status status="PASS" starttime="20230703 10:19:39.291" endtime="20230703 10:19:41.850"/>
</kw>
<status status="PASS" starttime="20230703 10:19:33.852" endtime="20230703 10:19:41.850"/>
</test>
<test id="s1-t2" name="Cenario 2 - Clicar e Checkout" line="20">
<kw name="Start Test" library="hooks.pages.commons" type="SETUP">
<kw name="Open Browser" library="SeleniumLibrary">
<arg>${BASE_URL}</arg>
<arg>${BROWSER}</arg>
<doc>Opens a new browser instance to the optional ``url``.</doc>
<msg timestamp="20230703 10:19:41.854" level="INFO">Opening browser 'chrome' to base url 'https://www.saucedemo.com/'.</msg>
<status status="PASS" starttime="20230703 10:19:41.854" endtime="20230703 10:19:45.077"/>
</kw>
<kw name="Maximize Browser Window" library="SeleniumLibrary">
<doc>Maximizes current browser window.</doc>
<status status="PASS" starttime="20230703 10:19:45.078" endtime="20230703 10:19:45.284"/>
</kw>
<kw name="Set Selenium Implicit Wait" library="SeleniumLibrary">
<arg>${TIME_TO_WAIT}</arg>
<doc>Sets the implicit wait value used by Selenium.</doc>
<status status="PASS" starttime="20230703 10:19:45.285" endtime="20230703 10:19:45.287"/>
</kw>
<status status="PASS" starttime="20230703 10:19:41.854" endtime="20230703 10:19:45.288"/>
</kw>
<kw name=" Dado que tenho um produto adicionado no carrinho" library="HomeStep">
<kw name="Dado que estou logado na home" library="HomeStep">
<kw name="Login sucess" library="LoginPage">
<kw name="Input Text" library="SeleniumLibrary">
<arg>locator=user-name</arg>
<arg>text=standard_user</arg>
<doc>Types the given ``text`` into the text field identified by ``locator``.</doc>
<msg timestamp="20230703 10:19:45.293" level="INFO">Typing text 'standard_user' into text field 'user-name'.</msg>
<status status="PASS" starttime="20230703 10:19:45.291" endtime="20230703 10:19:45.568"/>
</kw>
<kw name="Input Password" library="SeleniumLibrary">
<arg>locator=password</arg>
<arg>password=secret_sauce</arg>
<doc>Types the given password into the text field identified by ``locator``.</doc>
<msg timestamp="20230703 10:19:45.569" level="INFO">Typing password into text field 'password'.</msg>
<msg timestamp="20230703 10:19:45.607" level="INFO">Temporally setting log level to: NONE</msg>
<msg timestamp="20230703 10:19:45.674" level="INFO">Log level changed from NONE to INFO.</msg>
<status status="PASS" starttime="20230703 10:19:45.568" endtime="20230703 10:19:45.674"/>
</kw>
<kw name="Click Button" library="SeleniumLibrary">
<arg>locator=login-button</arg>
<doc>Clicks the button identified by ``locator``.</doc>
<msg timestamp="20230703 10:19:45.676" level="INFO">Clicking button 'login-button'.</msg>
<status status="PASS" starttime="20230703 10:19:45.674" endtime="20230703 10:19:45.886"/>
</kw>
<status status="PASS" starttime="20230703 10:19:45.290" endtime="20230703 10:19:45.887"/>
</kw>
<kw name="Valida HomePage" library="HomePage">
<kw name="Wait Until Element Is Visible" library="SeleniumLibrary">
<arg>locator=//*[@id="header_container"]/div[1]/div[2]/div</arg>
<doc>Waits until the element ``locator`` is visible.</doc>
<status status="PASS" starttime="20230703 10:19:45.888" endtime="20230703 10:19:45.942"/>
</kw>
<status status="PASS" starttime="20230703 10:19:45.887" endtime="20230703 10:19:45.944"/>
</kw>
<status status="PASS" starttime="20230703 10:19:45.290" endtime="20230703 10:19:45.945"/>
</kw>
<kw name="Quando add to cart do produto backpack" library="HomeStep">
<kw name="Button Add to Cart Backpack" library="HomePage">
<kw name="Click Element" library="SeleniumLibrary">
<arg>locator=//button[@data-test='add-to-cart-sauce-labs-backpack']</arg>
<doc>Click the element identified by ``locator``.</doc>
<msg timestamp="20230703 10:19:45.947" level="INFO">Clicking element '//button[@data-test='add-to-cart-sauce-labs-backpack']'.</msg>
<status status="PASS" starttime="20230703 10:19:45.946" endtime="20230703 10:19:46.011"/>
</kw>
<status status="PASS" starttime="20230703 10:19:45.946" endtime="20230703 10:19:46.012"/>
</kw>
<status status="PASS" starttime="20230703 10:19:45.945" endtime="20230703 10:19:46.013"/>
</kw>
<status status="PASS" starttime="20230703 10:19:45.289" endtime="20230703 10:19:46.013"/>
</kw>
<kw name="Quando clicar no carrinho" library="HomeStep">
<kw name="Clicar carrinho" library="HomePage">
<kw name="Click Element" library="SeleniumLibrary">
<arg>locator=shopping_cart_container</arg>
<doc>Click the element identified by ``locator``.</doc>
<msg timestamp="20230703 10:19:46.017" level="INFO">Clicking element 'shopping_cart_container'.</msg>
<status status="PASS" starttime="20230703 10:19:46.017" endtime="20230703 10:19:46.080"/>
</kw>
<status status="PASS" starttime="20230703 10:19:46.016" endtime="20230703 10:19:46.081"/>
</kw>
<status status="PASS" starttime="20230703 10:19:46.015" endtime="20230703 10:19:46.081"/>
</kw>
<kw name="E clicar em Checkout" library="CartStep">
<kw name="Click Button Checkout" library="CartPage">
<kw name="Click Button" library="SeleniumLibrary">
<arg>locator=checkout</arg>
<doc>Clicks the button identified by ``locator``.</doc>
<msg timestamp="20230703 10:19:46.085" level="INFO">Clicking button 'checkout'.</msg>
<status status="PASS" starttime="20230703 10:19:46.085" endtime="20230703 10:19:54.180"/>
</kw>
<status status="PASS" starttime="20230703 10:19:46.085" endtime="20230703 10:19:54.180"/>
</kw>
<status status="PASS" starttime="20230703 10:19:46.084" endtime="20230703 10:19:54.181"/>
</kw>
<kw name="Então vejo a HomePage" library="login">
<kw name="Valida HomePage" library="HomePage">
<kw name="Wait Until Element Is Visible" library="SeleniumLibrary">
<arg>locator=//*[@id="header_container"]/div[1]/div[2]/div</arg>
<doc>Waits until the element ``locator`` is visible.</doc>
<status status="PASS" starttime="20230703 10:19:54.183" endtime="20230703 10:19:54.210"/>
</kw>
<status status="PASS" starttime="20230703 10:19:54.182" endtime="20230703 10:19:54.210"/>
</kw>
<status status="PASS" starttime="20230703 10:19:54.182" endtime="20230703 10:19:54.211"/>
</kw>
<kw name="Finish Test" library="hooks.pages.commons" type="TEARDOWN">
<kw name="Capture Page Screenshot" library="SeleniumLibrary">
<doc>Takes a screenshot of the current page and embeds it into a log file.</doc>
<msg timestamp="20230703 10:19:54.309" level="INFO" html="true">&lt;/td&gt;&lt;/tr&gt;&lt;tr&gt;&lt;td colspan="3"&gt;&lt;a href="selenium-screenshot-2.png"&gt;&lt;img src="selenium-screenshot-2.png" width="800px"&gt;&lt;/a&gt;</msg>
<status status="PASS" starttime="20230703 10:19:54.212" endtime="20230703 10:19:54.309"/>
</kw>
<kw name="Close Browser" library="SeleniumLibrary">
<doc>Closes the current browser.</doc>
<status status="PASS" starttime="20230703 10:19:54.309" endtime="20230703 10:19:56.921"/>
</kw>
<status status="PASS" starttime="20230703 10:19:54.211" endtime="20230703 10:19:56.921"/>
</kw>
<status status="PASS" starttime="20230703 10:19:41.853" endtime="20230703 10:19:56.921"/>
</test>
<test id="s1-t3" name="Cenario 3 - Finalizar compras" line="25">
<kw name="Start Test" library="hooks.pages.commons" type="SETUP">
<kw name="Open Browser" library="SeleniumLibrary">
<arg>${BASE_URL}</arg>
<arg>${BROWSER}</arg>
<doc>Opens a new browser instance to the optional ``url``.</doc>
<msg timestamp="20230703 10:19:56.921" level="INFO">Opening browser 'chrome' to base url 'https://www.saucedemo.com/'.</msg>
<status status="PASS" starttime="20230703 10:19:56.921" endtime="20230703 10:19:59.218"/>
</kw>
<kw name="Maximize Browser Window" library="SeleniumLibrary">
<doc>Maximizes current browser window.</doc>
<status status="PASS" starttime="20230703 10:19:59.218" endtime="20230703 10:19:59.338"/>
</kw>
<kw name="Set Selenium Implicit Wait" library="SeleniumLibrary">
<arg>${TIME_TO_WAIT}</arg>
<doc>Sets the implicit wait value used by Selenium.</doc>
<status status="PASS" starttime="20230703 10:19:59.338" endtime="20230703 10:19:59.338"/>
</kw>
<status status="PASS" starttime="20230703 10:19:56.921" endtime="20230703 10:19:59.338"/>
</kw>
<kw name="Dado que tenho um produto adicionado no carrinho de compras" library="CartStep">
<kw name="Login sucess" library="LoginPage">
<kw name="Input Text" library="SeleniumLibrary">
<arg>locator=user-name</arg>
<arg>text=standard_user</arg>
<doc>Types the given ``text`` into the text field identified by ``locator``.</doc>
<msg timestamp="20230703 10:19:59.338" level="INFO">Typing text 'standard_user' into text field 'user-name'.</msg>
<status status="PASS" starttime="20230703 10:19:59.338" endtime="20230703 10:19:59.553"/>
</kw>
<kw name="Input Password" library="SeleniumLibrary">
<arg>locator=password</arg>
<arg>password=secret_sauce</arg>
<doc>Types the given password into the text field identified by ``locator``.</doc>
<msg timestamp="20230703 10:19:59.558" level="INFO">Typing password into text field 'password'.</msg>
<msg timestamp="20230703 10:19:59.592" level="INFO">Temporally setting log level to: NONE</msg>
<msg timestamp="20230703 10:19:59.666" level="INFO">Log level changed from NONE to INFO.</msg>
<status status="PASS" starttime="20230703 10:19:59.553" endtime="20230703 10:19:59.666"/>
</kw>
<kw name="Click Button" library="SeleniumLibrary">
<arg>locator=login-button</arg>
<doc>Clicks the button identified by ``locator``.</doc>
<msg timestamp="20230703 10:19:59.666" level="INFO">Clicking button 'login-button'.</msg>
<status status="PASS" starttime="20230703 10:19:59.666" endtime="20230703 10:19:59.779"/>
</kw>
<status status="PASS" starttime="20230703 10:19:59.338" endtime="20230703 10:19:59.779"/>
</kw>
<kw name="Button Add to Cart Backpack" library="HomePage">
<kw name="Click Element" library="SeleniumLibrary">
<arg>locator=//button[@data-test='add-to-cart-sauce-labs-backpack']</arg>
<doc>Click the element identified by ``locator``.</doc>
<msg timestamp="20230703 10:19:59.781" level="INFO">Clicking element '//button[@data-test='add-to-cart-sauce-labs-backpack']'.</msg>
<status status="PASS" starttime="20230703 10:19:59.780" endtime="20230703 10:19:59.860"/>
</kw>
<status status="PASS" starttime="20230703 10:19:59.780" endtime="20230703 10:19:59.860"/>
</kw>
<kw name="Clicar carrinho" library="HomePage">
<kw name="Click Element" library="SeleniumLibrary">
<arg>locator=shopping_cart_container</arg>
<doc>Click the element identified by ``locator``.</doc>
<msg timestamp="20230703 10:19:59.860" level="INFO">Clicking element 'shopping_cart_container'.</msg>
<status status="PASS" starttime="20230703 10:19:59.860" endtime="20230703 10:19:59.932"/>
</kw>
<status status="PASS" starttime="20230703 10:19:59.860" endtime="20230703 10:19:59.933"/>
</kw>
<status status="PASS" starttime="20230703 10:19:59.338" endtime="20230703 10:19:59.933"/>
</kw>
<kw name="E clicar em Checkout" library="CartStep">
<kw name="Click Button Checkout" library="CartPage">
<kw name="Click Button" library="SeleniumLibrary">
<arg>locator=checkout</arg>
<doc>Clicks the button identified by ``locator``.</doc>
<msg timestamp="20230703 10:19:59.933" level="INFO">Clicking button 'checkout'.</msg>
<status status="PASS" starttime="20230703 10:19:59.933" endtime="20230703 10:20:08.054"/>
</kw>
<status status="PASS" starttime="20230703 10:19:59.933" endtime="20230703 10:20:08.054"/>
</kw>
<status status="PASS" starttime="20230703 10:19:59.933" endtime="20230703 10:20:08.054"/>
</kw>
<kw name="E preencher meus dados" library="InformationStep">
<kw name="Preecher meus dados de compra" library="InformationPage">
<kw name="Input Text" library="SeleniumLibrary">
<arg>locator=first-name</arg>
<arg>text=Paulo</arg>
<doc>Types the given ``text`` into the text field identified by ``locator``.</doc>
<msg timestamp="20230703 10:20:08.067" level="INFO">Typing text 'Paulo' into text field 'first-name'.</msg>
<status status="PASS" starttime="20230703 10:20:08.065" endtime="20230703 10:20:08.177"/>
</kw>
<kw name="Input Text" library="SeleniumLibrary">
<arg>locator=last-name</arg>
<arg>text=Santos</arg>
<doc>Types the given ``text`` into the text field identified by ``locator``.</doc>
<msg timestamp="20230703 10:20:08.177" level="INFO">Typing text 'Santos' into text field 'last-name'.</msg>
<status status="PASS" starttime="20230703 10:20:08.177" endtime="20230703 10:20:08.277"/>
</kw>
<kw name="Input Text" library="SeleniumLibrary">
<arg>locator=postal-code</arg>
<arg>text=06436140</arg>
<doc>Types the given ``text`` into the text field identified by ``locator``.</doc>
<msg timestamp="20230703 10:20:08.277" level="INFO">Typing text '06436140' into text field 'postal-code'.</msg>
<status status="PASS" starttime="20230703 10:20:08.277" endtime="20230703 10:20:08.377"/>
</kw>
<kw name="Sleep" library="BuiltIn">
<arg>3</arg>
<doc>Pauses the test executed for the given time.</doc>
<msg timestamp="20230703 10:20:11.392" level="INFO">Slept 3 seconds</msg>
<status status="PASS" starttime="20230703 10:20:08.377" endtime="20230703 10:20:11.392"/>
</kw>
<status status="PASS" starttime="20230703 10:20:08.064" endtime="20230703 10:20:11.393"/>
</kw>
<status status="PASS" starttime="20230703 10:20:08.063" endtime="20230703 10:20:11.393"/>
</kw>
<kw name="E Clicar no button continue" library="InformationStep">
<kw name="Click Button Continue tela compras" library="InformationPage">
<kw name="Click Element" library="SeleniumLibrary">
<arg>locator=//input[@value='Continue']</arg>
<doc>Click the element identified by ``locator``.</doc>
<msg timestamp="20230703 10:20:11.393" level="INFO">Clicking element '//input[@value='Continue']'.</msg>
<status status="PASS" starttime="20230703 10:20:11.393" endtime="20230703 10:20:11.465"/>
</kw>
<status status="PASS" starttime="20230703 10:20:11.393" endtime="20230703 10:20:11.465"/>
</kw>
<status status="PASS" starttime="20230703 10:20:11.393" endtime="20230703 10:20:11.466"/>
</kw>
<kw name="E clicar no button Finish" library="InformationStep">
<kw name="Click Button" library="SeleniumLibrary">
<arg>locator=//button[@data-test='finish']</arg>
<doc>Clicks the button identified by ``locator``.</doc>
<msg timestamp="20230703 10:20:11.469" level="INFO">Clicking button '//button[@data-test='finish']'.</msg>
<status status="PASS" starttime="20230703 10:20:11.468" endtime="20230703 10:20:11.549"/>
</kw>
<status status="PASS" starttime="20230703 10:20:11.467" endtime="20230703 10:20:11.550"/>
</kw>
<kw name="Então vejo a mensagem de sucesso 'Thank you for your order!'" library="InformationStep" sourcename="Então vejo a mensagem de sucesso '${SUCESS_FINAL}'">
<kw name="Wait Until Element Is Visible" library="SeleniumLibrary">
<arg>locator=//h2[@class='complete-header'][contains(.,'Thank you for your order!')]</arg>
<doc>Waits until the element ``locator`` is visible.</doc>
<status status="PASS" starttime="20230703 10:20:11.550" endtime="20230703 10:20:11.586"/>
</kw>
<status status="PASS" starttime="20230703 10:20:11.550" endtime="20230703 10:20:11.586"/>
</kw>
<kw name="Finish Test" library="hooks.pages.commons" type="TEARDOWN">
<kw name="Capture Page Screenshot" library="SeleniumLibrary">
<doc>Takes a screenshot of the current page and embeds it into a log file.</doc>
<msg timestamp="20230703 10:20:11.693" level="INFO" html="true">&lt;/td&gt;&lt;/tr&gt;&lt;tr&gt;&lt;td colspan="3"&gt;&lt;a href="selenium-screenshot-3.png"&gt;&lt;img src="selenium-screenshot-3.png" width="800px"&gt;&lt;/a&gt;</msg>
<status status="PASS" starttime="20230703 10:20:11.587" endtime="20230703 10:20:11.693"/>
</kw>
<kw name="Close Browser" library="SeleniumLibrary">
<doc>Closes the current browser.</doc>
<status status="PASS" starttime="20230703 10:20:11.693" endtime="20230703 10:20:14.194"/>
</kw>
<status status="PASS" starttime="20230703 10:20:11.587" endtime="20230703 10:20:14.194"/>
</kw>
<status status="PASS" starttime="20230703 10:19:56.921" endtime="20230703 10:20:14.194"/>
</test>
<status status="PASS" starttime="20230703 10:19:33.139" endtime="20230703 10:20:14.194"/>
</suite>
<statistics>
<total>
<stat pass="3" fail="0" skip="0">All Tests</stat>
</total>
<tag>
</tag>
<suite>
<stat pass="3" fail="0" skip="0" id="s1" name="Carttest">Carttest</stat>
</suite>
</statistics>
<errors>
</errors>
</robot>
