<?xml version="1.0" encoding="UTF-8"?>
<robot generator="Robot 5.0.1 (Python 3.10.7 on win32)" generated="20230702 19:59:32.920" rpa="false" schemaversion="3">
<suite id="s1" name="CartTest" source="c:\Users\Amanda\OneDrive\PHSS\TestsSuceDemo\WebTesting\tests\CartTest.robot">
<test id="s1-t1" name="Cenario 3 - Finalizar compras" line="25">
<kw name="Start Test" library="hooks.pages.commons" type="SETUP">
<kw name="Open Browser" library="SeleniumLibrary">
<arg>${BASE_URL}</arg>
<arg>${BROWSER}</arg>
<doc>Opens a new browser instance to the optional ``url``.</doc>
<msg timestamp="20230702 19:59:33.303" level="INFO">Opening browser 'chrome' to base url 'https://www.saucedemo.com/'.</msg>
<status status="PASS" starttime="20230702 19:59:33.302" endtime="20230702 19:59:36.689"/>
</kw>
<kw name="Maximize Browser Window" library="SeleniumLibrary">
<doc>Maximizes current browser window.</doc>
<status status="PASS" starttime="20230702 19:59:36.690" endtime="20230702 19:59:36.832"/>
</kw>
<kw name="Set Selenium Implicit Wait" library="SeleniumLibrary">
<arg>${TIME_TO_WAIT}</arg>
<doc>Sets the implicit wait value used by Selenium.</doc>
<status status="PASS" starttime="20230702 19:59:36.832" endtime="20230702 19:59:36.836"/>
</kw>
<status status="PASS" starttime="20230702 19:59:33.301" endtime="20230702 19:59:36.837"/>
</kw>
<kw name="Dado que tenho um produto adicionado no carrinho de compras" library="CartStep">
<kw name="Login sucess" library="LoginPage">
<kw name="Input Text" library="SeleniumLibrary">
<arg>locator=user-name</arg>
<arg>text=standard_user</arg>
<doc>Types the given ``text`` into the text field identified by ``locator``.</doc>
<msg timestamp="20230702 19:59:36.845" level="INFO">Typing text 'standard_user' into text field 'user-name'.</msg>
<status status="PASS" starttime="20230702 19:59:36.842" endtime="20230702 19:59:37.161"/>
</kw>
<kw name="Input Password" library="SeleniumLibrary">
<arg>locator=password</arg>
<arg>password=secret_sauce</arg>
<doc>Types the given password into the text field identified by ``locator``.</doc>
<msg timestamp="20230702 19:59:37.162" level="INFO">Typing password into text field 'password'.</msg>
<msg timestamp="20230702 19:59:37.230" level="INFO">Temporally setting log level to: NONE</msg>
<msg timestamp="20230702 19:59:37.296" level="INFO">Log level changed from NONE to INFO.</msg>
<status status="PASS" starttime="20230702 19:59:37.162" endtime="20230702 19:59:37.296"/>
</kw>
<kw name="Click Button" library="SeleniumLibrary">
<arg>locator=login-button</arg>
<doc>Clicks the button identified by ``locator``.</doc>
<msg timestamp="20230702 19:59:37.297" level="INFO">Clicking button 'login-button'.</msg>
<status status="PASS" starttime="20230702 19:59:37.296" endtime="20230702 19:59:37.431"/>
</kw>
<status status="PASS" starttime="20230702 19:59:36.838" endtime="20230702 19:59:37.432"/>
</kw>
<kw name="Button Add to Cart Backpack" library="HomePage">
<kw name="Click Element" library="SeleniumLibrary">
<arg>locator=//button[@data-test='add-to-cart-sauce-labs-backpack']</arg>
<doc>Click the element identified by ``locator``.</doc>
<msg timestamp="20230702 19:59:37.433" level="INFO">Clicking element '//button[@data-test='add-to-cart-sauce-labs-backpack']'.</msg>
<status status="PASS" starttime="20230702 19:59:37.433" endtime="20230702 19:59:37.533"/>
</kw>
<status status="PASS" starttime="20230702 19:59:37.432" endtime="20230702 19:59:37.534"/>
</kw>
<kw name="Clicar carrinho" library="HomePage">
<kw name="Click Element" library="SeleniumLibrary">
<arg>locator=shopping_cart_container</arg>
<doc>Click the element identified by ``locator``.</doc>
<msg timestamp="20230702 19:59:37.535" level="INFO">Clicking element 'shopping_cart_container'.</msg>
<status status="PASS" starttime="20230702 19:59:37.534" endtime="20230702 19:59:37.602"/>
</kw>
<status status="PASS" starttime="20230702 19:59:37.534" endtime="20230702 19:59:37.602"/>
</kw>
<status status="PASS" starttime="20230702 19:59:36.838" endtime="20230702 19:59:37.603"/>
</kw>
<kw name="E clicar em Checkout" library="CartStep">
<kw name="Click Button Checkout" library="CartPage">
<kw name="Click Button" library="SeleniumLibrary">
<arg>locator=checkout</arg>
<doc>Clicks the button identified by ``locator``.</doc>
<msg timestamp="20230702 19:59:37.609" level="INFO">Clicking button 'checkout'.</msg>
<status status="PASS" starttime="20230702 19:59:37.605" endtime="20230702 19:59:45.744"/>
</kw>
<status status="PASS" starttime="20230702 19:59:37.605" endtime="20230702 19:59:45.745"/>
</kw>
<status status="PASS" starttime="20230702 19:59:37.604" endtime="20230702 19:59:45.745"/>
</kw>
<kw name="E preencher meus dados" library="InformationStep">
<kw name="Preecher meus dados de compra" library="InformationPage">
<kw name="Input Text" library="SeleniumLibrary">
<arg>locator=first-name</arg>
<arg>text=Paulo</arg>
<doc>Types the given ``text`` into the text field identified by ``locator``.</doc>
<msg timestamp="20230702 19:59:45.749" level="INFO">Typing text 'Paulo' into text field 'first-name'.</msg>
<status status="PASS" starttime="20230702 19:59:45.748" endtime="20230702 19:59:45.865"/>
</kw>
<kw name="Input Text" library="SeleniumLibrary">
<arg>locator=last-name</arg>
<arg>text=Santos</arg>
<doc>Types the given ``text`` into the text field identified by ``locator``.</doc>
<msg timestamp="20230702 19:59:45.865" level="INFO">Typing text 'Santos' into text field 'last-name'.</msg>
<status status="PASS" starttime="20230702 19:59:45.865" endtime="20230702 19:59:45.977"/>
</kw>
<kw name="Input Text" library="SeleniumLibrary">
<arg>locator=postal-code</arg>
<arg>text=06436140</arg>
<doc>Types the given ``text`` into the text field identified by ``locator``.</doc>
<msg timestamp="20230702 19:59:45.978" level="INFO">Typing text '06436140' into text field 'postal-code'.</msg>
<status status="PASS" starttime="20230702 19:59:45.978" endtime="20230702 19:59:46.083"/>
</kw>
<kw name="Sleep" library="BuiltIn">
<arg>3</arg>
<doc>Pauses the test executed for the given time.</doc>
<msg timestamp="20230702 19:59:49.090" level="INFO">Slept 3 seconds</msg>
<status status="PASS" starttime="20230702 19:59:46.083" endtime="20230702 19:59:49.090"/>
</kw>
<status status="PASS" starttime="20230702 19:59:45.747" endtime="20230702 19:59:49.090"/>
</kw>
<status status="PASS" starttime="20230702 19:59:45.746" endtime="20230702 19:59:49.090"/>
</kw>
<kw name="E Clicar no button continue" library="InformationStep">
<kw name="Click Button Continue tela compras" library="InformationPage">
<kw name="Click Element" library="SeleniumLibrary">
<arg>locator=//input[@value='Continue']</arg>
<doc>Click the element identified by ``locator``.</doc>
<msg timestamp="20230702 19:59:49.090" level="INFO">Clicking element '//input[@value='Continue']'.</msg>
<status status="PASS" starttime="20230702 19:59:49.090" endtime="20230702 19:59:49.166"/>
</kw>
<status status="PASS" starttime="20230702 19:59:49.090" endtime="20230702 19:59:49.167"/>
</kw>
<status status="PASS" starttime="20230702 19:59:49.090" endtime="20230702 19:59:49.167"/>
</kw>
<kw name="E clicar no button Finish" library="InformationStep">
<kw name="Click Button" library="SeleniumLibrary">
<arg>locator=//button[@data-test='finish']</arg>
<doc>Clicks the button identified by ``locator``.</doc>
<msg timestamp="20230702 19:59:49.168" level="INFO">Clicking button '//button[@data-test='finish']'.</msg>
<status status="PASS" starttime="20230702 19:59:49.168" endtime="20230702 19:59:49.259"/>
</kw>
<status status="PASS" starttime="20230702 19:59:49.168" endtime="20230702 19:59:49.260"/>
</kw>
<kw name="Então vejo a mensagem de sucesso 'Thank you for your order!'" library="InformationStep" sourcename="Então vejo a mensagem de sucesso '${SUCESS_FINAL}'">
<kw name="Wait Until Element Is Visible" library="SeleniumLibrary">
<arg>locator=//h2[@class='complete-header'][contains(.,'Thank you for your order!')]</arg>
<doc>Waits until the element ``locator`` is visible.</doc>
<status status="PASS" starttime="20230702 19:59:49.262" endtime="20230702 19:59:49.298"/>
</kw>
<status status="PASS" starttime="20230702 19:59:49.261" endtime="20230702 19:59:49.298"/>
</kw>
<kw name="Finish Test" library="hooks.pages.commons" type="TEARDOWN">
<kw name="Capture Page Screenshot" library="SeleniumLibrary">
<doc>Takes a screenshot of the current page and embeds it into a log file.</doc>
<msg timestamp="20230702 19:59:49.416" level="INFO" html="true">&lt;/td&gt;&lt;/tr&gt;&lt;tr&gt;&lt;td colspan="3"&gt;&lt;a href="selenium-screenshot-45.png"&gt;&lt;img src="selenium-screenshot-45.png" width="800px"&gt;&lt;/a&gt;</msg>
<status status="PASS" starttime="20230702 19:59:49.300" endtime="20230702 19:59:49.417"/>
</kw>
<kw name="Close Browser" library="SeleniumLibrary">
<doc>Closes the current browser.</doc>
<status status="PASS" starttime="20230702 19:59:49.417" endtime="20230702 19:59:51.709"/>
</kw>
<status status="PASS" starttime="20230702 19:59:49.300" endtime="20230702 19:59:51.709"/>
</kw>
<status status="PASS" starttime="20230702 19:59:33.300" endtime="20230702 19:59:51.709"/>
</test>
<status status="PASS" starttime="20230702 19:59:32.931" endtime="20230702 19:59:51.709"/>
</suite>
<statistics>
<total>
<stat pass="1" fail="0" skip="0">All Tests</stat>
</total>
<tag>
</tag>
<suite>
<stat pass="1" fail="0" skip="0" id="s1" name="CartTest">CartTest</stat>
</suite>
</statistics>
<errors>
</errors>
</robot>
